17:51:06 <INFO> Started REINVENT 4.4.22 (C) AstraZeneca 2017, 2023 on 2024-08-23
17:51:06 <INFO> Command line: /home/zh/anaconda3/envs/reinvent4/bin/reinvent -l transfer_learning.log transfer_learning.toml
17:51:06 <INFO> User zh on host LZD-20220629LJL
17:51:06 <INFO> Python version 3.10.14
17:51:06 <INFO> PyTorch version 2.2.1+cu121, git 6c8c5ad5eaf47a62fafbb4a2747198cbffbf1ff0
17:51:06 <INFO> PyTorch compiled with CUDA version 12.1
17:51:06 <INFO> RDKit version 2023.09.5
17:51:06 <INFO> Platform Linux-5.10.16.3-microsoft-standard-WSL2-x86_64-with-glibc2.31
17:51:06 <INFO> Number of PyTorch CUDA devices 0
17:51:06 <INFO> Using CPU x86_64
17:51:06 <INFO> Writing TensorBoard summary to /home/zh/REINVENT4/gen/undel/pest/tb_TL
17:51:06 <INFO> Writing JSON config file to /home/zh/REINVENT4/gen/undel/pest/json_transfer_learning.json
17:51:06 <INFO> Starting Transfer Learning
17:51:06 <ERRO> /home/zh/REINVENT4/priors/mol2mol_scaffold_generic.prior has invalid hash:
{ 'comments': [],
  'creation_date': 0,
  'date_format': 'UNIX epoch',
  'hash_id': '2e9b50a81011b9dcae60e555a73a6144',
  'hash_id_format': 'xxhash.xxh3_128_hex 3.4.1',
  'model_id': 'dbe73d69456f42f990b955233dc7f514',
  'model_id_format': 'uuid.uuid4 3.10.12',
  'origina_data_source': 'ChEMBL 28',
  'updates': []}
17:51:06 <INFO> Number of network parameters: 17,462,400
17:51:06 <INFO> Network architecture:
EncoderDecoder(
  (encoder): Encoder(
    (layers): ModuleList(
      (0-5): 6 x EncoderLayer(
        (self_attn): MultiHeadedAttention(
          (linears): ModuleList(
            (0-3): 4 x Linear(in_features=256, out_features=256, bias=True)
          )
          (dropout): Dropout(p=0.1, inplace=False)
        )
        (feed_forward): PositionwiseFeedForward(
          (w_1): Linear(in_features=256, out_features=2048, bias=True)
          (w_2): Linear(in_features=2048, out_features=256, bias=True)
          (dropout): Dropout(p=0.1, inplace=False)
        )
        (sublayer): ModuleList(
          (0-1): 2 x SublayerConnection(
            (norm): LayerNorm()
            (dropout): Dropout(p=0.1, inplace=False)
          )
        )
      )
    )
    (norm): LayerNorm()
  )
  (decoder): Decoder(
    (layers): ModuleList(
      (0-5): 6 x DecoderLayer(
        (self_attn): MultiHeadedAttention(
          (linears): ModuleList(
            (0-3): 4 x Linear(in_features=256, out_features=256, bias=True)
          )
          (dropout): Dropout(p=0.1, inplace=False)
        )
        (src_attn): MultiHeadedAttention(
          (linears): ModuleList(
            (0-3): 4 x Linear(in_features=256, out_features=256, bias=True)
          )
          (dropout): Dropout(p=0.1, inplace=False)
        )
        (feed_forward): PositionwiseFeedForward(
          (w_1): Linear(in_features=256, out_features=2048, bias=True)
          (w_2): Linear(in_features=2048, out_features=256, bias=True)
          (dropout): Dropout(p=0.1, inplace=False)
        )
        (sublayer): ModuleList(
          (0-2): 3 x SublayerConnection(
            (norm): LayerNorm()
            (dropout): Dropout(p=0.1, inplace=False)
          )
        )
      )
    )
    (norm): LayerNorm()
  )
  (src_embed): Sequential(
    (0): Embeddings(
      (lut): Embedding(128, 256)
    )
    (1): PositionalEncoding(
      (dropout): Dropout(p=0.1, inplace=False)
    )
  )
  (tgt_embed): Sequential(
    (0): Embeddings(
      (lut): Embedding(128, 256)
    )
    (1): PositionalEncoding(
      (dropout): Dropout(p=0.1, inplace=False)
    )
  )
  (generator): Generator(
    (proj): Linear(in_features=256, out_features=128, bias=True)
  )
)
17:51:06 <INFO> Using generator Mol2Mol
17:51:08 <INFO> Read 981 input SMILES from /home/zh/REINVENT4/gen/undel/pest/train.smi
17:51:09 <INFO> Read 246 validation SMILES from /home/zh/REINVENT4/gen/undel/pest/validation.smi
17:51:09 <WARN> randomize_smiles is set to be True by user. But the model was trained using canonical SMILESwhere randomize_smiles might undermine the performance (this needs more investigation), but randomize_smiles is reset to be False for now.
17:51:10 <INFO> Creating Tanimoto pairs with 1 processes...
17:51:11 <INFO> Tanimoto pairs created
17:51:11 <INFO> Indexing training pairs...
17:51:11 <INFO> Number of training pairs: 1523
17:51:11 <INFO> Indexing validation pairs...
17:51:11 <INFO> Number of validation pairs: 314
19:33:20 <INFO> Best validation loss (2.517) was at epoch 12
19:33:20 <INFO> Peak main memory usage: 5872.801 MiB
19:33:20 <INFO> Finished REINVENT on 2024-08-23
